<?xml version="1.0" encoding="UTF-8"?>
<testsuite name="com.parc.demo.basicRest.BasicRestApplicationTests" tests="1" skipped="0" failures="0" errors="0" timestamp="2019-04-23T12:08:44" hostname="Pauls-MacBook-Pro.local" time="0.409">
  <properties/>
  <testcase name="contextLoads" classname="com.parc.demo.basicRest.BasicRestApplicationTests" time="0.409"/>
  <system-out><![CDATA[13:08:41.336 [Test worker] DEBUG org.springframework.test.context.junit4.SpringJUnit4ClassRunner - SpringJUnit4ClassRunner constructor called with [class com.parc.demo.basicRest.BasicRestApplicationTests]
13:08:41.360 [Test worker] DEBUG org.springframework.test.context.BootstrapUtils - Instantiating CacheAwareContextLoaderDelegate from class [org.springframework.test.context.cache.DefaultCacheAwareContextLoaderDelegate]
13:08:41.372 [Test worker] DEBUG org.springframework.test.context.BootstrapUtils - Instantiating BootstrapContext using constructor [public org.springframework.test.context.support.DefaultBootstrapContext(java.lang.Class,org.springframework.test.context.CacheAwareContextLoaderDelegate)]
13:08:41.417 [Test worker] DEBUG org.springframework.test.context.BootstrapUtils - Instantiating TestContextBootstrapper for test class [com.parc.demo.basicRest.BasicRestApplicationTests] from class [org.springframework.boot.test.context.SpringBootTestContextBootstrapper]
13:08:41.441 [Test worker] INFO org.springframework.boot.test.context.SpringBootTestContextBootstrapper - Neither @ContextConfiguration nor @ContextHierarchy found for test class [com.parc.demo.basicRest.BasicRestApplicationTests], using SpringBootContextLoader
13:08:41.446 [Test worker] DEBUG org.springframework.test.context.support.AbstractContextLoader - Did not detect default resource location for test class [com.parc.demo.basicRest.BasicRestApplicationTests]: class path resource [com/parc/demo/basicRest/BasicRestApplicationTests-context.xml] does not exist
13:08:41.447 [Test worker] DEBUG org.springframework.test.context.support.AbstractContextLoader - Did not detect default resource location for test class [com.parc.demo.basicRest.BasicRestApplicationTests]: class path resource [com/parc/demo/basicRest/BasicRestApplicationTestsContext.groovy] does not exist
13:08:41.447 [Test worker] INFO org.springframework.test.context.support.AbstractContextLoader - Could not detect default resource locations for test class [com.parc.demo.basicRest.BasicRestApplicationTests]: no resource found for suffixes {-context.xml, Context.groovy}.
13:08:41.449 [Test worker] INFO org.springframework.test.context.support.AnnotationConfigContextLoaderUtils - Could not detect default configuration classes for test class [com.parc.demo.basicRest.BasicRestApplicationTests]: BasicRestApplicationTests does not declare any static, non-private, non-final, nested classes annotated with @Configuration.
13:08:41.497 [Test worker] DEBUG org.springframework.test.context.support.ActiveProfilesUtils - Could not find an 'annotation declaring class' for annotation type [org.springframework.test.context.ActiveProfiles] and class [com.parc.demo.basicRest.BasicRestApplicationTests]
13:08:41.813 [Test worker] DEBUG org.springframework.context.annotation.ClassPathScanningCandidateComponentProvider - Identified candidate component class: file [/Users/paulcavanagh/workspace/basicRest/build/classes/java/main/com/parc/demo/basicRest/BasicRestApplication.class]
13:08:41.815 [Test worker] INFO org.springframework.boot.test.context.SpringBootTestContextBootstrapper - Found @SpringBootConfiguration com.parc.demo.basicRest.BasicRestApplication for test class com.parc.demo.basicRest.BasicRestApplicationTests
13:08:41.969 [Test worker] DEBUG org.springframework.boot.test.context.SpringBootTestContextBootstrapper - @TestExecutionListeners is not present for class [com.parc.demo.basicRest.BasicRestApplicationTests]: using defaults.
13:08:41.970 [Test worker] INFO org.springframework.boot.test.context.SpringBootTestContextBootstrapper - Loaded default TestExecutionListener class names from location [META-INF/spring.factories]: [org.springframework.boot.test.autoconfigure.restdocs.RestDocsTestExecutionListener, org.springframework.boot.test.autoconfigure.web.client.MockRestServiceServerResetTestExecutionListener, org.springframework.boot.test.autoconfigure.web.servlet.MockMvcPrintOnlyOnFailureTestExecutionListener, org.springframework.boot.test.autoconfigure.web.servlet.WebDriverTestExecutionListener, org.springframework.boot.test.mock.mockito.MockitoTestExecutionListener, org.springframework.boot.test.mock.mockito.ResetMocksTestExecutionListener, org.springframework.test.context.web.ServletTestExecutionListener, org.springframework.test.context.support.DirtiesContextBeforeModesTestExecutionListener, org.springframework.test.context.support.DependencyInjectionTestExecutionListener, org.springframework.test.context.support.DirtiesContextTestExecutionListener, org.springframework.test.context.transaction.TransactionalTestExecutionListener, org.springframework.test.context.jdbc.SqlScriptsTestExecutionListener]
13:08:42.004 [Test worker] DEBUG org.springframework.boot.test.context.SpringBootTestContextBootstrapper - Skipping candidate TestExecutionListener [org.springframework.test.context.transaction.TransactionalTestExecutionListener] due to a missing dependency. Specify custom listener classes or make the default listener classes and their required dependencies available. Offending class: [org/springframework/transaction/interceptor/TransactionAttributeSource]
13:08:42.005 [Test worker] DEBUG org.springframework.boot.test.context.SpringBootTestContextBootstrapper - Skipping candidate TestExecutionListener [org.springframework.test.context.jdbc.SqlScriptsTestExecutionListener] due to a missing dependency. Specify custom listener classes or make the default listener classes and their required dependencies available. Offending class: [org/springframework/transaction/interceptor/TransactionAttribute]
13:08:42.006 [Test worker] INFO org.springframework.boot.test.context.SpringBootTestContextBootstrapper - Using TestExecutionListeners: [org.springframework.test.context.web.ServletTestExecutionListener@5ce80e30, org.springframework.test.context.support.DirtiesContextBeforeModesTestExecutionListener@6ee2514c, org.springframework.boot.test.mock.mockito.MockitoTestExecutionListener@22109e81, org.springframework.boot.test.autoconfigure.SpringBootDependencyInjectionTestExecutionListener@566a8e67, org.springframework.test.context.support.DirtiesContextTestExecutionListener@4a6f8314, org.springframework.boot.test.autoconfigure.restdocs.RestDocsTestExecutionListener@36fbd324, org.springframework.boot.test.autoconfigure.web.client.MockRestServiceServerResetTestExecutionListener@10b9b7ec, org.springframework.boot.test.autoconfigure.web.servlet.MockMvcPrintOnlyOnFailureTestExecutionListener@12221a2a, org.springframework.boot.test.autoconfigure.web.servlet.WebDriverTestExecutionListener@24635c59, org.springframework.boot.test.mock.mockito.ResetMocksTestExecutionListener@4c69d902]
13:08:42.010 [Test worker] DEBUG org.springframework.test.annotation.ProfileValueUtils - Retrieved @ProfileValueSourceConfiguration [null] for test class [com.parc.demo.basicRest.BasicRestApplicationTests]
13:08:42.011 [Test worker] DEBUG org.springframework.test.annotation.ProfileValueUtils - Retrieved ProfileValueSource type [class org.springframework.test.annotation.SystemProfileValueSource] for class [com.parc.demo.basicRest.BasicRestApplicationTests]
13:08:42.012 [Test worker] DEBUG org.springframework.test.annotation.ProfileValueUtils - Retrieved @ProfileValueSourceConfiguration [null] for test class [com.parc.demo.basicRest.BasicRestApplicationTests]
13:08:42.012 [Test worker] DEBUG org.springframework.test.annotation.ProfileValueUtils - Retrieved ProfileValueSource type [class org.springframework.test.annotation.SystemProfileValueSource] for class [com.parc.demo.basicRest.BasicRestApplicationTests]
13:08:42.020 [Test worker] DEBUG org.springframework.test.context.support.AbstractDirtiesContextTestExecutionListener - Before test class: context [DefaultTestContext@567d5619 testClass = BasicRestApplicationTests, testInstance = [null], testMethod = [null], testException = [null], mergedContextConfiguration = [WebMergedContextConfiguration@5bfbb893 testClass = BasicRestApplicationTests, locations = '{}', classes = '{class com.parc.demo.basicRest.BasicRestApplication}', contextInitializerClasses = '[]', activeProfiles = '{}', propertySourceLocations = '{}', propertySourceProperties = '{org.springframework.boot.test.context.SpringBootTestContextBootstrapper=true}', contextCustomizers = set[org.springframework.boot.test.autoconfigure.properties.PropertyMappingContextCustomizer@0, org.springframework.boot.test.autoconfigure.web.servlet.WebDriverContextCustomizerFactory$Customizer@5ff17223, org.springframework.boot.test.context.filter.ExcludeFilterContextCustomizer@47936933, org.springframework.boot.test.json.DuplicateJsonObjectContextCustomizerFactory$DuplicateJsonObjectContextCustomizer@41007396, org.springframework.boot.test.mock.mockito.MockitoContextCustomizer@0, org.springframework.boot.test.web.client.TestRestTemplateContextCustomizer@56afee8a], resourceBasePath = 'src/main/webapp', contextLoader = 'org.springframework.boot.test.context.SpringBootContextLoader', parent = [null]], attributes = map['org.springframework.test.context.web.ServletTestExecutionListener.activateListener' -> true]], class annotated with @DirtiesContext [false] with mode [null].
13:08:42.021 [Test worker] DEBUG org.springframework.test.annotation.ProfileValueUtils - Retrieved @ProfileValueSourceConfiguration [null] for test class [com.parc.demo.basicRest.BasicRestApplicationTests]
13:08:42.021 [Test worker] DEBUG org.springframework.test.annotation.ProfileValueUtils - Retrieved ProfileValueSource type [class org.springframework.test.annotation.SystemProfileValueSource] for class [com.parc.demo.basicRest.BasicRestApplicationTests]
13:08:42.045 [Test worker] DEBUG org.springframework.test.context.support.TestPropertySourceUtils - Adding inlined properties to environment: {spring.jmx.enabled=false, org.springframework.boot.test.context.SpringBootTestContextBootstrapper=true, server.port=-1}

  .   ____          _            __ _ _
 /\\ / ___'_ __ _ _(_)_ __  __ _ \ \ \ \
( ( )\___ | '_ | '_| | '_ \/ _` | \ \ \ \
 \\/  ___)| |_)| | | | | || (_| |  ) ) ) )
  '  |____| .__|_| |_|_| |_\__, | / / / /
 =========|_|==============|___/=/_/_/_/
 :: Spring Boot ::        (v2.1.4.RELEASE)

2019-04-23 13:08:42.405  INFO 10405 --- [    Test worker] c.p.d.b.BasicRestApplicationTests        : Starting BasicRestApplicationTests on Pauls-MacBook-Pro.local with PID 10405 (started by paulcavanagh in /Users/paulcavanagh/workspace/basicRest)
2019-04-23 13:08:42.409  INFO 10405 --- [    Test worker] c.p.d.b.BasicRestApplicationTests        : No active profile set, falling back to default profiles: default
2019-04-23 13:08:43.909  INFO 10405 --- [    Test worker] o.s.s.concurrent.ThreadPoolTaskExecutor  : Initializing ExecutorService 'applicationTaskExecutor'
2019-04-23 13:08:44.173  INFO 10405 --- [    Test worker] c.p.d.b.BasicRestApplicationTests        : Started BasicRestApplicationTests in 2.113 seconds (JVM running for 3.661)
]]></system-out>
  <system-err><![CDATA[]]></system-err>
</testsuite>
