<?xml version="1.0" encoding="UTF-8"?>
<testsuite name="com.parc.demo.basicRest.BasicRestApplicationTests" tests="1" skipped="0" failures="0" errors="0" timestamp="2019-04-23T09:17:21" hostname="Pauls-MacBook-Pro.local" time="0.39">
  <properties/>
  <testcase name="contextLoads" classname="com.parc.demo.basicRest.BasicRestApplicationTests" time="0.39"/>
  <system-out><![CDATA[10:17:19.339 [Test worker] DEBUG org.springframework.test.context.junit4.SpringJUnit4ClassRunner - SpringJUnit4ClassRunner constructor called with [class com.parc.demo.basicRest.BasicRestApplicationTests]
10:17:19.349 [Test worker] DEBUG org.springframework.test.context.BootstrapUtils - Instantiating CacheAwareContextLoaderDelegate from class [org.springframework.test.context.cache.DefaultCacheAwareContextLoaderDelegate]
10:17:19.358 [Test worker] DEBUG org.springframework.test.context.BootstrapUtils - Instantiating BootstrapContext using constructor [public org.springframework.test.context.support.DefaultBootstrapContext(java.lang.Class,org.springframework.test.context.CacheAwareContextLoaderDelegate)]
10:17:19.373 [Test worker] DEBUG org.springframework.test.context.BootstrapUtils - Instantiating TestContextBootstrapper for test class [com.parc.demo.basicRest.BasicRestApplicationTests] from class [org.springframework.boot.test.context.SpringBootTestContextBootstrapper]
10:17:19.384 [Test worker] INFO org.springframework.boot.test.context.SpringBootTestContextBootstrapper - Neither @ContextConfiguration nor @ContextHierarchy found for test class [com.parc.demo.basicRest.BasicRestApplicationTests], using SpringBootContextLoader
10:17:19.387 [Test worker] DEBUG org.springframework.test.context.support.AbstractContextLoader - Did not detect default resource location for test class [com.parc.demo.basicRest.BasicRestApplicationTests]: class path resource [com/parc/demo/basicRest/BasicRestApplicationTests-context.xml] does not exist
10:17:19.387 [Test worker] DEBUG org.springframework.test.context.support.AbstractContextLoader - Did not detect default resource location for test class [com.parc.demo.basicRest.BasicRestApplicationTests]: class path resource [com/parc/demo/basicRest/BasicRestApplicationTestsContext.groovy] does not exist
10:17:19.388 [Test worker] INFO org.springframework.test.context.support.AbstractContextLoader - Could not detect default resource locations for test class [com.parc.demo.basicRest.BasicRestApplicationTests]: no resource found for suffixes {-context.xml, Context.groovy}.
10:17:19.389 [Test worker] INFO org.springframework.test.context.support.AnnotationConfigContextLoaderUtils - Could not detect default configuration classes for test class [com.parc.demo.basicRest.BasicRestApplicationTests]: BasicRestApplicationTests does not declare any static, non-private, non-final, nested classes annotated with @Configuration.
10:17:19.433 [Test worker] DEBUG org.springframework.test.context.support.ActiveProfilesUtils - Could not find an 'annotation declaring class' for annotation type [org.springframework.test.context.ActiveProfiles] and class [com.parc.demo.basicRest.BasicRestApplicationTests]
10:17:19.486 [Test worker] DEBUG org.springframework.context.annotation.ClassPathScanningCandidateComponentProvider - Identified candidate component class: file [/Users/paulcavanagh/workspace/basicRest/build/classes/java/main/com/parc/demo/basicRest/BasicRestApplication.class]
10:17:19.487 [Test worker] INFO org.springframework.boot.test.context.SpringBootTestContextBootstrapper - Found @SpringBootConfiguration com.parc.demo.basicRest.BasicRestApplication for test class com.parc.demo.basicRest.BasicRestApplicationTests
10:17:19.557 [Test worker] DEBUG org.springframework.boot.test.context.SpringBootTestContextBootstrapper - @TestExecutionListeners is not present for class [com.parc.demo.basicRest.BasicRestApplicationTests]: using defaults.
10:17:19.558 [Test worker] INFO org.springframework.boot.test.context.SpringBootTestContextBootstrapper - Loaded default TestExecutionListener class names from location [META-INF/spring.factories]: [org.springframework.boot.test.autoconfigure.restdocs.RestDocsTestExecutionListener, org.springframework.boot.test.autoconfigure.web.client.MockRestServiceServerResetTestExecutionListener, org.springframework.boot.test.autoconfigure.web.servlet.MockMvcPrintOnlyOnFailureTestExecutionListener, org.springframework.boot.test.autoconfigure.web.servlet.WebDriverTestExecutionListener, org.springframework.boot.test.mock.mockito.MockitoTestExecutionListener, org.springframework.boot.test.mock.mockito.ResetMocksTestExecutionListener, org.springframework.test.context.web.ServletTestExecutionListener, org.springframework.test.context.support.DirtiesContextBeforeModesTestExecutionListener, org.springframework.test.context.support.DependencyInjectionTestExecutionListener, org.springframework.test.context.support.DirtiesContextTestExecutionListener, org.springframework.test.context.transaction.TransactionalTestExecutionListener, org.springframework.test.context.jdbc.SqlScriptsTestExecutionListener]
10:17:19.570 [Test worker] DEBUG org.springframework.boot.test.context.SpringBootTestContextBootstrapper - Skipping candidate TestExecutionListener [org.springframework.test.context.transaction.TransactionalTestExecutionListener] due to a missing dependency. Specify custom listener classes or make the default listener classes and their required dependencies available. Offending class: [org/springframework/transaction/interceptor/TransactionAttributeSource]
10:17:19.571 [Test worker] DEBUG org.springframework.boot.test.context.SpringBootTestContextBootstrapper - Skipping candidate TestExecutionListener [org.springframework.test.context.jdbc.SqlScriptsTestExecutionListener] due to a missing dependency. Specify custom listener classes or make the default listener classes and their required dependencies available. Offending class: [org/springframework/transaction/interceptor/TransactionAttribute]
10:17:19.571 [Test worker] INFO org.springframework.boot.test.context.SpringBootTestContextBootstrapper - Using TestExecutionListeners: [org.springframework.test.context.web.ServletTestExecutionListener@567d5619, org.springframework.test.context.support.DirtiesContextBeforeModesTestExecutionListener@5bfbb893, org.springframework.boot.test.mock.mockito.MockitoTestExecutionListener@61114cce, org.springframework.boot.test.autoconfigure.SpringBootDependencyInjectionTestExecutionListener@4fc2ac39, org.springframework.test.context.support.DirtiesContextTestExecutionListener@73b3f646, org.springframework.boot.test.autoconfigure.restdocs.RestDocsTestExecutionListener@750af783, org.springframework.boot.test.autoconfigure.web.client.MockRestServiceServerResetTestExecutionListener@1e96b2d0, org.springframework.boot.test.autoconfigure.web.servlet.MockMvcPrintOnlyOnFailureTestExecutionListener@446f665f, org.springframework.boot.test.autoconfigure.web.servlet.WebDriverTestExecutionListener@2802b952, org.springframework.boot.test.mock.mockito.ResetMocksTestExecutionListener@a96f53e]
10:17:19.574 [Test worker] DEBUG org.springframework.test.annotation.ProfileValueUtils - Retrieved @ProfileValueSourceConfiguration [null] for test class [com.parc.demo.basicRest.BasicRestApplicationTests]
10:17:19.575 [Test worker] DEBUG org.springframework.test.annotation.ProfileValueUtils - Retrieved ProfileValueSource type [class org.springframework.test.annotation.SystemProfileValueSource] for class [com.parc.demo.basicRest.BasicRestApplicationTests]
10:17:19.576 [Test worker] DEBUG org.springframework.test.annotation.ProfileValueUtils - Retrieved @ProfileValueSourceConfiguration [null] for test class [com.parc.demo.basicRest.BasicRestApplicationTests]
10:17:19.576 [Test worker] DEBUG org.springframework.test.annotation.ProfileValueUtils - Retrieved ProfileValueSource type [class org.springframework.test.annotation.SystemProfileValueSource] for class [com.parc.demo.basicRest.BasicRestApplicationTests]
10:17:19.581 [Test worker] DEBUG org.springframework.test.context.support.AbstractDirtiesContextTestExecutionListener - Before test class: context [DefaultTestContext@38a801e7 testClass = BasicRestApplicationTests, testInstance = [null], testMethod = [null], testException = [null], mergedContextConfiguration = [WebMergedContextConfiguration@1cdaaec3 testClass = BasicRestApplicationTests, locations = '{}', classes = '{class com.parc.demo.basicRest.BasicRestApplication}', contextInitializerClasses = '[]', activeProfiles = '{}', propertySourceLocations = '{}', propertySourceProperties = '{org.springframework.boot.test.context.SpringBootTestContextBootstrapper=true}', contextCustomizers = set[org.springframework.boot.test.autoconfigure.properties.PropertyMappingContextCustomizer@0, org.springframework.boot.test.autoconfigure.web.servlet.WebDriverContextCustomizerFactory$Customizer@30cd0071, org.springframework.boot.test.context.filter.ExcludeFilterContextCustomizer@43e8be84, org.springframework.boot.test.json.DuplicateJsonObjectContextCustomizerFactory$DuplicateJsonObjectContextCustomizer@2e5eee4, org.springframework.boot.test.mock.mockito.MockitoContextCustomizer@0, org.springframework.boot.test.web.client.TestRestTemplateContextCustomizer@174ef58b], resourceBasePath = 'src/main/webapp', contextLoader = 'org.springframework.boot.test.context.SpringBootContextLoader', parent = [null]], attributes = map['org.springframework.test.context.web.ServletTestExecutionListener.activateListener' -> true]], class annotated with @DirtiesContext [false] with mode [null].
10:17:19.583 [Test worker] DEBUG org.springframework.test.annotation.ProfileValueUtils - Retrieved @ProfileValueSourceConfiguration [null] for test class [com.parc.demo.basicRest.BasicRestApplicationTests]
10:17:19.583 [Test worker] DEBUG org.springframework.test.annotation.ProfileValueUtils - Retrieved ProfileValueSource type [class org.springframework.test.annotation.SystemProfileValueSource] for class [com.parc.demo.basicRest.BasicRestApplicationTests]
10:17:19.605 [Test worker] DEBUG org.springframework.test.context.support.TestPropertySourceUtils - Adding inlined properties to environment: {spring.jmx.enabled=false, org.springframework.boot.test.context.SpringBootTestContextBootstrapper=true, server.port=-1}

  .   ____          _            __ _ _
 /\\ / ___'_ __ _ _(_)_ __  __ _ \ \ \ \
( ( )\___ | '_ | '_| | '_ \/ _` | \ \ \ \
 \\/  ___)| |_)| | | | | || (_| |  ) ) ) )
  '  |____| .__|_| |_|_| |_\__, | / / / /
 =========|_|==============|___/=/_/_/_/
 :: Spring Boot ::        (v2.1.4.RELEASE)

2019-04-23 10:17:20.040  INFO 5601 --- [    Test worker] c.p.d.b.BasicRestApplicationTests        : Starting BasicRestApplicationTests on Pauls-MacBook-Pro.local with PID 5601 (started by paulcavanagh in /Users/paulcavanagh/workspace/basicRest)
2019-04-23 10:17:20.042  INFO 5601 --- [    Test worker] c.p.d.b.BasicRestApplicationTests        : No active profile set, falling back to default profiles: default
2019-04-23 10:17:21.503  INFO 5601 --- [    Test worker] o.s.s.concurrent.ThreadPoolTaskExecutor  : Initializing ExecutorService 'applicationTaskExecutor'
2019-04-23 10:17:21.778  INFO 5601 --- [    Test worker] c.p.d.b.BasicRestApplicationTests        : Started BasicRestApplicationTests in 2.162 seconds (JVM running for 3.175)
]]></system-out>
  <system-err><![CDATA[]]></system-err>
</testsuite>
