<?xml version="1.0" encoding="UTF-8"?>
<testsuite name="com.parc.demo.basicRest.BasicRestApplicationTests" tests="1" skipped="0" failures="0" errors="0" timestamp="2019-04-23T10:06:48" hostname="Pauls-MacBook-Pro.local" time="0.369">
  <properties/>
  <testcase name="contextLoads" classname="com.parc.demo.basicRest.BasicRestApplicationTests" time="0.369"/>
  <system-out><![CDATA[11:06:46.220 [Test worker] DEBUG org.springframework.test.context.junit4.SpringJUnit4ClassRunner - SpringJUnit4ClassRunner constructor called with [class com.parc.demo.basicRest.BasicRestApplicationTests]
11:06:46.229 [Test worker] DEBUG org.springframework.test.context.BootstrapUtils - Instantiating CacheAwareContextLoaderDelegate from class [org.springframework.test.context.cache.DefaultCacheAwareContextLoaderDelegate]
11:06:46.238 [Test worker] DEBUG org.springframework.test.context.BootstrapUtils - Instantiating BootstrapContext using constructor [public org.springframework.test.context.support.DefaultBootstrapContext(java.lang.Class,org.springframework.test.context.CacheAwareContextLoaderDelegate)]
11:06:46.255 [Test worker] DEBUG org.springframework.test.context.BootstrapUtils - Instantiating TestContextBootstrapper for test class [com.parc.demo.basicRest.BasicRestApplicationTests] from class [org.springframework.boot.test.context.SpringBootTestContextBootstrapper]
11:06:46.267 [Test worker] INFO org.springframework.boot.test.context.SpringBootTestContextBootstrapper - Neither @ContextConfiguration nor @ContextHierarchy found for test class [com.parc.demo.basicRest.BasicRestApplicationTests], using SpringBootContextLoader
11:06:46.271 [Test worker] DEBUG org.springframework.test.context.support.AbstractContextLoader - Did not detect default resource location for test class [com.parc.demo.basicRest.BasicRestApplicationTests]: class path resource [com/parc/demo/basicRest/BasicRestApplicationTests-context.xml] does not exist
11:06:46.272 [Test worker] DEBUG org.springframework.test.context.support.AbstractContextLoader - Did not detect default resource location for test class [com.parc.demo.basicRest.BasicRestApplicationTests]: class path resource [com/parc/demo/basicRest/BasicRestApplicationTestsContext.groovy] does not exist
11:06:46.273 [Test worker] INFO org.springframework.test.context.support.AbstractContextLoader - Could not detect default resource locations for test class [com.parc.demo.basicRest.BasicRestApplicationTests]: no resource found for suffixes {-context.xml, Context.groovy}.
11:06:46.274 [Test worker] INFO org.springframework.test.context.support.AnnotationConfigContextLoaderUtils - Could not detect default configuration classes for test class [com.parc.demo.basicRest.BasicRestApplicationTests]: BasicRestApplicationTests does not declare any static, non-private, non-final, nested classes annotated with @Configuration.
11:06:46.319 [Test worker] DEBUG org.springframework.test.context.support.ActiveProfilesUtils - Could not find an 'annotation declaring class' for annotation type [org.springframework.test.context.ActiveProfiles] and class [com.parc.demo.basicRest.BasicRestApplicationTests]
11:06:46.382 [Test worker] DEBUG org.springframework.context.annotation.ClassPathScanningCandidateComponentProvider - Identified candidate component class: file [/Users/paulcavanagh/workspace/basicRest/build/classes/java/main/com/parc/demo/basicRest/BasicRestApplication.class]
11:06:46.383 [Test worker] INFO org.springframework.boot.test.context.SpringBootTestContextBootstrapper - Found @SpringBootConfiguration com.parc.demo.basicRest.BasicRestApplication for test class com.parc.demo.basicRest.BasicRestApplicationTests
11:06:46.466 [Test worker] DEBUG org.springframework.boot.test.context.SpringBootTestContextBootstrapper - @TestExecutionListeners is not present for class [com.parc.demo.basicRest.BasicRestApplicationTests]: using defaults.
11:06:46.467 [Test worker] INFO org.springframework.boot.test.context.SpringBootTestContextBootstrapper - Loaded default TestExecutionListener class names from location [META-INF/spring.factories]: [org.springframework.boot.test.autoconfigure.restdocs.RestDocsTestExecutionListener, org.springframework.boot.test.autoconfigure.web.client.MockRestServiceServerResetTestExecutionListener, org.springframework.boot.test.autoconfigure.web.servlet.MockMvcPrintOnlyOnFailureTestExecutionListener, org.springframework.boot.test.autoconfigure.web.servlet.WebDriverTestExecutionListener, org.springframework.boot.test.mock.mockito.MockitoTestExecutionListener, org.springframework.boot.test.mock.mockito.ResetMocksTestExecutionListener, org.springframework.test.context.web.ServletTestExecutionListener, org.springframework.test.context.support.DirtiesContextBeforeModesTestExecutionListener, org.springframework.test.context.support.DependencyInjectionTestExecutionListener, org.springframework.test.context.support.DirtiesContextTestExecutionListener, org.springframework.test.context.transaction.TransactionalTestExecutionListener, org.springframework.test.context.jdbc.SqlScriptsTestExecutionListener]
11:06:46.487 [Test worker] DEBUG org.springframework.boot.test.context.SpringBootTestContextBootstrapper - Skipping candidate TestExecutionListener [org.springframework.test.context.transaction.TransactionalTestExecutionListener] due to a missing dependency. Specify custom listener classes or make the default listener classes and their required dependencies available. Offending class: [org/springframework/transaction/interceptor/TransactionAttributeSource]
11:06:46.489 [Test worker] DEBUG org.springframework.boot.test.context.SpringBootTestContextBootstrapper - Skipping candidate TestExecutionListener [org.springframework.test.context.jdbc.SqlScriptsTestExecutionListener] due to a missing dependency. Specify custom listener classes or make the default listener classes and their required dependencies available. Offending class: [org/springframework/transaction/interceptor/TransactionAttribute]
11:06:46.491 [Test worker] INFO org.springframework.boot.test.context.SpringBootTestContextBootstrapper - Using TestExecutionListeners: [org.springframework.test.context.web.ServletTestExecutionListener@3fca4b6e, org.springframework.test.context.support.DirtiesContextBeforeModesTestExecutionListener@19e9a3d7, org.springframework.boot.test.mock.mockito.MockitoTestExecutionListener@1d3b0887, org.springframework.boot.test.autoconfigure.SpringBootDependencyInjectionTestExecutionListener@3b01cbc0, org.springframework.test.context.support.DirtiesContextTestExecutionListener@567d66f5, org.springframework.boot.test.autoconfigure.restdocs.RestDocsTestExecutionListener@2de90f6, org.springframework.boot.test.autoconfigure.web.client.MockRestServiceServerResetTestExecutionListener@47e4cf1a, org.springframework.boot.test.autoconfigure.web.servlet.MockMvcPrintOnlyOnFailureTestExecutionListener@728e43ed, org.springframework.boot.test.autoconfigure.web.servlet.WebDriverTestExecutionListener@4ff9d987, org.springframework.boot.test.mock.mockito.ResetMocksTestExecutionListener@39d6b9ae]
11:06:46.496 [Test worker] DEBUG org.springframework.test.annotation.ProfileValueUtils - Retrieved @ProfileValueSourceConfiguration [null] for test class [com.parc.demo.basicRest.BasicRestApplicationTests]
11:06:46.497 [Test worker] DEBUG org.springframework.test.annotation.ProfileValueUtils - Retrieved ProfileValueSource type [class org.springframework.test.annotation.SystemProfileValueSource] for class [com.parc.demo.basicRest.BasicRestApplicationTests]
11:06:46.499 [Test worker] DEBUG org.springframework.test.annotation.ProfileValueUtils - Retrieved @ProfileValueSourceConfiguration [null] for test class [com.parc.demo.basicRest.BasicRestApplicationTests]
11:06:46.499 [Test worker] DEBUG org.springframework.test.annotation.ProfileValueUtils - Retrieved ProfileValueSource type [class org.springframework.test.annotation.SystemProfileValueSource] for class [com.parc.demo.basicRest.BasicRestApplicationTests]
11:06:46.505 [Test worker] DEBUG org.springframework.test.context.support.AbstractDirtiesContextTestExecutionListener - Before test class: context [DefaultTestContext@166004eb testClass = BasicRestApplicationTests, testInstance = [null], testMethod = [null], testException = [null], mergedContextConfiguration = [WebMergedContextConfiguration@34122944 testClass = BasicRestApplicationTests, locations = '{}', classes = '{class com.parc.demo.basicRest.BasicRestApplication}', contextInitializerClasses = '[]', activeProfiles = '{}', propertySourceLocations = '{}', propertySourceProperties = '{org.springframework.boot.test.context.SpringBootTestContextBootstrapper=true}', contextCustomizers = set[org.springframework.boot.test.autoconfigure.properties.PropertyMappingContextCustomizer@0, org.springframework.boot.test.autoconfigure.web.servlet.WebDriverContextCustomizerFactory$Customizer@2e1eb1a, org.springframework.boot.test.context.filter.ExcludeFilterContextCustomizer@1c824e0a, org.springframework.boot.test.json.DuplicateJsonObjectContextCustomizerFactory$DuplicateJsonObjectContextCustomizer@46309dd0, org.springframework.boot.test.mock.mockito.MockitoContextCustomizer@0, org.springframework.boot.test.web.client.TestRestTemplateContextCustomizer@1f2d01cb], resourceBasePath = 'src/main/webapp', contextLoader = 'org.springframework.boot.test.context.SpringBootContextLoader', parent = [null]], attributes = map['org.springframework.test.context.web.ServletTestExecutionListener.activateListener' -> true]], class annotated with @DirtiesContext [false] with mode [null].
11:06:46.506 [Test worker] DEBUG org.springframework.test.annotation.ProfileValueUtils - Retrieved @ProfileValueSourceConfiguration [null] for test class [com.parc.demo.basicRest.BasicRestApplicationTests]
11:06:46.506 [Test worker] DEBUG org.springframework.test.annotation.ProfileValueUtils - Retrieved ProfileValueSource type [class org.springframework.test.annotation.SystemProfileValueSource] for class [com.parc.demo.basicRest.BasicRestApplicationTests]
11:06:46.542 [Test worker] DEBUG org.springframework.test.context.support.TestPropertySourceUtils - Adding inlined properties to environment: {spring.jmx.enabled=false, org.springframework.boot.test.context.SpringBootTestContextBootstrapper=true, server.port=-1}

  .   ____          _            __ _ _
 /\\ / ___'_ __ _ _(_)_ __  __ _ \ \ \ \
( ( )\___ | '_ | '_| | '_ \/ _` | \ \ \ \
 \\/  ___)| |_)| | | | | || (_| |  ) ) ) )
  '  |____| .__|_| |_|_| |_\__, | / / / /
 =========|_|==============|___/=/_/_/_/
 :: Spring Boot ::        (v2.1.4.RELEASE)

2019-04-23 11:06:46.942  INFO 7105 --- [    Test worker] c.p.d.b.BasicRestApplicationTests        : Starting BasicRestApplicationTests on Pauls-MacBook-Pro.local with PID 7105 (started by paulcavanagh in /Users/paulcavanagh/workspace/basicRest)
2019-04-23 11:06:46.944  INFO 7105 --- [    Test worker] c.p.d.b.BasicRestApplicationTests        : No active profile set, falling back to default profiles: default
2019-04-23 11:06:48.516  INFO 7105 --- [    Test worker] o.s.s.concurrent.ThreadPoolTaskExecutor  : Initializing ExecutorService 'applicationTaskExecutor'
2019-04-23 11:06:48.872  INFO 7105 --- [    Test worker] c.p.d.b.BasicRestApplicationTests        : Started BasicRestApplicationTests in 2.319 seconds (JVM running for 3.465)
]]></system-out>
  <system-err><![CDATA[]]></system-err>
</testsuite>
